[ 50%] Built target peripherals_status
[35m[1mScanning dependencies of target automatic[0m
[ 75%] [32mBuilding CXX object CMakeFiles/automatic.dir/src/automatic.cpp.o[0m
[01m[K/home/pino/pino_ws/control_service/catkin_ws/src/peripherals_status/src/automatic.cpp:[m[K In function â€˜[01m[Kint main(int, char**)[m[Kâ€™:
[01m[K/home/pino/pino_ws/control_service/catkin_ws/src/peripherals_status/src/automatic.cpp:20:27:[m[K [01;31m[Kerror: [m[Kexpected â€˜[01m[K;[m[Kâ€™ before â€˜[01m[K::[m[Kâ€™ token
   20 |         ros::Duration(0.1)[01;31m[K:[m[K[32m[K:[m[Ksleep();
      |                           [01;31m[K^[m[K[32m[K~[m[K
      |                           [32m[K;[m[K
make[2]: *** [CMakeFiles/automatic.dir/build.make:63: CMakeFiles/automatic.dir/src/automatic.cpp.o] Error 1
make[1]: *** [CMakeFiles/Makefile2:198: CMakeFiles/automatic.dir/all] Error 2
make: *** [Makefile:141: all] Error 2
